{
  "stats": {
    "suites": 1,
    "tests": 3,
    "passes": 3,
    "pending": 0,
    "failures": 0,
    "start": "2022-02-16T10:43:09.449Z",
    "end": "2022-02-16T10:43:31.837Z",
    "duration": 22388,
    "testsRegistered": 3,
    "passPercent": 100,
    "pendingPercent": 0,
    "other": 0,
    "hasOther": false,
    "skipped": 0,
    "hasSkipped": false
  },
  "results": [
    {
      "uuid": "bef60e95-23ed-47e5-abc2-3dbebf3d0d33",
      "title": "",
      "fullFile": "cypress/integration/VerificationTests.feature",
      "file": "cypress/integration/VerificationTests.feature",
      "beforeHooks": [],
      "afterHooks": [],
      "tests": [],
      "suites": [
        {
          "uuid": "e4b7a76d-2ccb-4290-8547-3afd5c6aa969",
          "title": "Tests for the configuration of the verification flow",
          "fullFile": "",
          "file": "",
          "beforeHooks": [],
          "afterHooks": [],
          "tests": [
            {
              "title": "Click  Verify Me without filling any details",
              "fullTitle": "Tests for the configuration of the verification flow Click  Verify Me without filling any details",
              "timedOut": null,
              "duration": 15724,
              "state": "passed",
              "speed": "slow",
              "pass": true,
              "fail": false,
              "pending": false,
              "context": null,
              "code": "const state = window.testState;\nreturn cy\n  .then(() => state.onStartScenario(scenario, indexedSteps))\n  .then(() =>\n    resolveAndRunBeforeHooks.call(this, scenario.tags, state.feature.name)\n  )\n  .then(() =>\n    indexedSteps.forEach((step) =>\n      stepTest.call(this, state, step, rowData)\n    )\n  )\n  .then(() => state.onFinishScenario(scenario));",
              "err": {},
              "uuid": "90a5a992-d6fe-4888-bb12-241f207955a7",
              "parentUUID": "e4b7a76d-2ccb-4290-8547-3afd5c6aa969",
              "isHook": false,
              "skipped": false
            },
            {
              "title": "Enter the mandatroy fileds and select InContext as Option",
              "fullTitle": "Tests for the configuration of the verification flow Enter the mandatroy fileds and select InContext as Option",
              "timedOut": null,
              "duration": 3533,
              "state": "passed",
              "speed": "fast",
              "pass": true,
              "fail": false,
              "pending": false,
              "context": null,
              "code": "const state = window.testState;\nreturn cy\n  .then(() => state.onStartScenario(scenario, indexedSteps))\n  .then(() =>\n    resolveAndRunBeforeHooks.call(this, scenario.tags, state.feature.name)\n  )\n  .then(() =>\n    indexedSteps.forEach((step) =>\n      stepTest.call(this, state, step, rowData)\n    )\n  )\n  .then(() => state.onFinishScenario(scenario));",
              "err": {},
              "uuid": "98529b3a-ff99-4492-89b3-331000877f8a",
              "parentUUID": "e4b7a76d-2ccb-4290-8547-3afd5c6aa969",
              "isHook": false,
              "skipped": false
            },
            {
              "title": "Enter the mandatroy fileds and select Redirect as Option",
              "fullTitle": "Tests for the configuration of the verification flow Enter the mandatroy fileds and select Redirect as Option",
              "timedOut": null,
              "duration": 2856,
              "state": "passed",
              "speed": "fast",
              "pass": true,
              "fail": false,
              "pending": false,
              "context": null,
              "code": "const state = window.testState;\nreturn cy\n  .then(() => state.onStartScenario(scenario, indexedSteps))\n  .then(() =>\n    resolveAndRunBeforeHooks.call(this, scenario.tags, state.feature.name)\n  )\n  .then(() =>\n    indexedSteps.forEach((step) =>\n      stepTest.call(this, state, step, rowData)\n    )\n  )\n  .then(() => state.onFinishScenario(scenario));",
              "err": {},
              "uuid": "16167355-a49c-44b3-b022-11c8c65529be",
              "parentUUID": "e4b7a76d-2ccb-4290-8547-3afd5c6aa969",
              "isHook": false,
              "skipped": false
            }
          ],
          "suites": [],
          "passes": [
            "90a5a992-d6fe-4888-bb12-241f207955a7",
            "98529b3a-ff99-4492-89b3-331000877f8a",
            "16167355-a49c-44b3-b022-11c8c65529be"
          ],
          "failures": [],
          "pending": [],
          "skipped": [],
          "duration": 22113,
          "root": false,
          "rootEmpty": false,
          "_timeout": 2000
        }
      ],
      "passes": [],
      "failures": [],
      "pending": [],
      "skipped": [],
      "duration": 0,
      "root": true,
      "rootEmpty": true,
      "_timeout": 2000
    }
  ],
  "meta": {
    "mocha": {
      "version": "7.0.1"
    },
    "mochawesome": {
      "options": {
        "quiet": false,
        "reportFilename": "mochawesome",
        "saveHtml": false,
        "saveJson": true,
        "consoleReporter": "spec",
        "useInlineDiffs": false,
        "code": true
      },
      "version": "7.0.1"
    },
    "marge": {
      "options": {
        "id": "default",
        "reportDir": "cypress/reports/mocha",
        "quite": true,
        "overwrite": false,
        "html": false,
        "json": true
      },
      "version": "6.0.1"
    }
  }
}